# JRE version: OpenJDK Runtime Environment (8.0_242-b08) (build 1.8.0_242-8u242-b08-0ubuntu3~18.04-b08)
# Java VM: OpenJDK 64-Bit Server VM (25.242-b08 mixed mode linux-amd64 compressed oops)
Heap:
 PSYoungGen      total 139776K, used 13280K [0x00000000d7100000, 0x00000000e0700000, 0x0000000100000000)
  eden space 126464K, 0% used [0x00000000d7100000,0x00000000d7100000,0x00000000dec80000)
  from space 13312K, 99% used [0x00000000dec80000,0x00000000df978170,0x00000000df980000)
  to   space 12800K, 0% used [0x00000000df980000,0x00000000df980000,0x00000000e0600000)
 ParOldGen       total 84992K, used 16298K [0x0000000085200000, 0x000000008a500000, 0x00000000d7100000)
  object space 84992K, 19% used [0x0000000085200000,0x00000000861eaa28,0x000000008a500000)
 Metaspace       used 20580K, capacity 21188K, committed 21248K, reserved 1069056K
  class space    used 2360K, capacity 2512K, committed 2560K, reserved 1048576K
GC Heap History (10 events):
Event: 1.405 GC heap after
Heap after GC invocations=2 (full 0):
 PSYoungGen      total 36864K, used 5104K [0x00000000d7100000, 0x00000000db900000, 0x0000000100000000)
  eden space 31744K, 0% used [0x00000000d7100000,0x00000000d7100000,0x00000000d9000000)
  from space 5120K, 99% used [0x00000000d9500000,0x00000000d99fc060,0x00000000d9a00000)
  to   space 5120K, 0% used [0x00000000d9000000,0x00000000d9000000,0x00000000d9500000)
 ParOldGen       total 84992K, used 1030K [0x0000000085200000, 0x000000008a500000, 0x00000000d7100000)
  object space 84992K, 1% used [0x0000000085200000,0x0000000085301bf0,0x000000008a500000)
 Metaspace       used 11069K, capacity 11230K, committed 11520K, reserved 1058816K
  class space    used 1348K, capacity 1443K, committed 1536K, reserved 1048576K
}
Event: 1.964 GC heap before
{Heap before GC invocations=3 (full 0):
 PSYoungGen      total 36864K, used 36848K [0x00000000d7100000, 0x00000000db900000, 0x0000000100000000)
  eden space 31744K, 100% used [0x00000000d7100000,0x00000000d9000000,0x00000000d9000000)
  from space 5120K, 99% used [0x00000000d9500000,0x00000000d99fc060,0x00000000d9a00000)
  to   space 5120K, 0% used [0x00000000d9000000,0x00000000d9000000,0x00000000d9500000)
 ParOldGen       total 84992K, used 1030K [0x0000000085200000, 0x000000008a500000, 0x00000000d7100000)
  object space 84992K, 1% used [0x0000000085200000,0x0000000085301bf0,0x000000008a500000)
 Metaspace       used 13776K, capacity 13978K, committed 14208K, reserved 1060864K
  class space    used 1699K, capacity 1799K, committed 1920K, reserved 1048576K
Event: 1.970 GC heap after
Heap after GC invocations=3 (full 0):
 PSYoungGen      total 36864K, used 5102K [0x00000000d7100000, 0x00000000db900000, 0x0000000100000000)
  eden space 31744K, 0% used [0x00000000d7100000,0x00000000d7100000,0x00000000d9000000)
  from space 5120K, 99% used [0x00000000d9000000,0x00000000d94fbbf0,0x00000000d9500000)
  to   space 5120K, 0% used [0x00000000db400000,0x00000000db400000,0x00000000db900000)
 ParOldGen       total 84992K, used 1657K [0x0000000085200000, 0x000000008a500000, 0x00000000d7100000)
  object space 84992K, 1% used [0x0000000085200000,0x000000008539e6f0,0x000000008a500000)
 Metaspace       used 13776K, capacity 13978K, committed 14208K, reserved 1060864K
  class space    used 1699K, capacity 1799K, committed 1920K, reserved 1048576K
}
Event: 3.046 GC heap before
{Heap before GC invocations=4 (full 0):
 PSYoungGen      total 36864K, used 36846K [0x00000000d7100000, 0x00000000db900000, 0x0000000100000000)
  eden space 31744K, 100% used [0x00000000d7100000,0x00000000d9000000,0x00000000d9000000)
  from space 5120K, 99% used [0x00000000d9000000,0x00000000d94fbbf0,0x00000000d9500000)
  to   space 5120K, 0% used [0x00000000db400000,0x00000000db400000,0x00000000db900000)
 ParOldGen       total 84992K, used 1657K [0x0000000085200000, 0x000000008a500000, 0x00000000d7100000)
  object space 84992K, 1% used [0x0000000085200000,0x000000008539e6f0,0x000000008a500000)
 Metaspace       used 16262K, capacity 16458K, committed 16640K, reserved 1064960K
  class space    used 1943K, capacity 2037K, committed 2048K, reserved 1048576K
Event: 3.069 GC heap after
Heap after GC invocations=4 (full 0):
 PSYoungGen      total 68608K, used 5104K [0x00000000d7100000, 0x00000000db900000, 0x0000000100000000)
  eden space 63488K, 0% used [0x00000000d7100000,0x00000000d7100000,0x00000000daf00000)
  from space 5120K, 99% used [0x00000000db400000,0x00000000db8fc030,0x00000000db900000)
  to   space 5120K, 0% used [0x00000000daf00000,0x00000000daf00000,0x00000000db400000)
 ParOldGen       total 84992K, used 4205K [0x0000000085200000, 0x000000008a500000, 0x00000000d7100000)
  object space 84992K, 4% used [0x0000000085200000,0x000000008561b418,0x000000008a500000)
 Metaspace       used 16262K, capacity 16458K, committed 16640K, reserved 1064960K
  class space    used 1943K, capacity 2037K, committed 2048K, reserved 1048576K
}
Event: 3.691 GC heap before
{Heap before GC invocations=5 (full 0):
 PSYoungGen      total 68608K, used 68592K [0x00000000d7100000, 0x00000000db900000, 0x0000000100000000)
  eden space 63488K, 100% used [0x00000000d7100000,0x00000000daf00000,0x00000000daf00000)
  from space 5120K, 99% used [0x00000000db400000,0x00000000db8fc030,0x00000000db900000)
  to   space 5120K, 0% used [0x00000000daf00000,0x00000000daf00000,0x00000000db400000)
 ParOldGen       total 84992K, used 4205K [0x0000000085200000, 0x000000008a500000, 0x00000000d7100000)
  object space 84992K, 4% used [0x0000000085200000,0x000000008561b418,0x000000008a500000)
 Metaspace       used 16914K, capacity 17132K, committed 17536K, reserved 1064960K
  class space    used 1981K, capacity 2071K, committed 2176K, reserved 1048576K
Event: 3.725 GC heap after
Heap after GC invocations=5 (full 0):
 PSYoungGen      total 68608K, used 5088K [0x00000000d7100000, 0x00000000e0600000, 0x0000000100000000)
  eden space 63488K, 0% used [0x00000000d7100000,0x00000000d7100000,0x00000000daf00000)
  from space 5120K, 99% used [0x00000000daf00000,0x00000000db3f8040,0x00000000db400000)
  to   space 12800K, 0% used [0x00000000df980000,0x00000000df980000,0x00000000e0600000)
 ParOldGen       total 84992K, used 12230K [0x0000000085200000, 0x000000008a500000, 0x00000000d7100000)
  object space 84992K, 14% used [0x0000000085200000,0x0000000085df1b40,0x000000008a500000)
 Metaspace       used 16914K, capacity 17132K, committed 17536K, reserved 1064960K
  class space    used 1981K, capacity 2071K, committed 2176K, reserved 1048576K
}
Event: 4.315 GC heap before
{Heap before GC invocations=6 (full 0):
 PSYoungGen      total 68608K, used 68576K [0x00000000d7100000, 0x00000000e0600000, 0x0000000100000000)
  eden space 63488K, 100% used [0x00000000d7100000,0x00000000daf00000,0x00000000daf00000)
  from space 5120K, 99% used [0x00000000daf00000,0x00000000db3f8040,0x00000000db400000)
  to   space 12800K, 0% used [0x00000000df980000,0x00000000df980000,0x00000000e0600000)
 ParOldGen       total 84992K, used 12230K [0x0000000085200000, 0x000000008a500000, 0x00000000d7100000)
  object space 84992K, 14% used [0x0000000085200000,0x0000000085df1b40,0x000000008a500000)
 Metaspace       used 17188K, capacity 17448K, committed 17792K, reserved 1064960K
  class space    used 1989K, capacity 2081K, committed 2176K, reserved 1048576K
Event: 4.337 GC heap after
Heap after GC invocations=6 (full 0):
 PSYoungGen      total 139264K, used 9776K [0x00000000d7100000, 0x00000000e0700000, 0x0000000100000000)
  eden space 126464K, 0% used [0x00000000d7100000,0x00000000d7100000,0x00000000dec80000)
  from space 12800K, 76% used [0x00000000df980000,0x00000000e030c030,0x00000000e0600000)
  to   space 13312K, 0% used [0x00000000dec80000,0x00000000dec80000,0x00000000df980000)
 ParOldGen       total 84992K, used 12238K [0x0000000085200000, 0x000000008a500000, 0x00000000d7100000)
  object space 84992K, 14% used [0x0000000085200000,0x0000000085df3b40,0x000000008a500000)
 Metaspace       used 17188K, capacity 17448K, committed 17792K, reserved 1064960K
  class space    used 1989K, capacity 2081K, committed 2176K, reserved 1048576K
}
Event: 5.904 GC heap before
{Heap before GC invocations=7 (full 0):
 PSYoungGen      total 139264K, used 118230K [0x00000000d7100000, 0x00000000e0700000, 0x0000000100000000)
  eden space 126464K, 85% used [0x00000000d7100000,0x00000000ddae98d0,0x00000000dec80000)
  from space 12800K, 76% used [0x00000000df980000,0x00000000e030c030,0x00000000e0600000)
  to   space 13312K, 0% used [0x00000000dec80000,0x00000000dec80000,0x00000000df980000)
 ParOldGen       total 84992K, used 12238K [0x0000000085200000, 0x000000008a500000, 0x00000000d7100000)
  object space 84992K, 14% used [0x0000000085200000,0x0000000085df3b40,0x000000008a500000)
 Metaspace       used 20580K, capacity 21188K, committed 21248K, reserved 1069056K
  class space    used 2360K, capacity 2512K, committed 2560K, reserved 1048576K

